Start testing: Jan 13 05:48 CET
----------------------------------------------------------
1/1 Testing: boostUnitTestsRun
1/1 Test: boostUnitTestsRun
Command: "/home/marcin/Pulpit/Projekt_2_AISDI/Release/tests/aisdiMapsTests"
Directory: /home/marcin/Pulpit/Projekt_2_AISDI/Release/tests
"boostUnitTestsRun" start time: Jan 13 05:48 CET
Output:
----------------------------------------------------------
Running 196 test cases...

*** No errors detected
<end of output>
Test time =   0.01 sec
----------------------------------------------------------
Test Passed.
"boostUnitTestsRun" end time: Jan 13 05:48 CET
"boostUnitTestsRun" time elapsed: 00:00:00
----------------------------------------------------------

End testing: Jan 13 05:48 CET
